  Source.cpp
C:\Users\13128\Documents\c++\vsstudio\glut\glut\Source.cpp(21,31): warning C4305: 'initializing': truncation from 'double' to 'float'
C:\Users\13128\Documents\c++\vsstudio\glut\glut\Source.cpp(22,32): warning C4305: 'initializing': truncation from 'double' to 'float'
C:\Users\13128\Documents\c++\vsstudio\glut\glut\Source.cpp(81,34): warning C4305: 'argument': truncation from 'double' to 'GLclampf'
C:\Users\13128\Documents\c++\vsstudio\glut\glut\Source.cpp(96,20): warning C4244: 'argument': conversion from 'float' to 'GLint', possible loss of data
C:\Users\13128\Documents\c++\vsstudio\glut\glut\Source.cpp(96,16): warning C4244: 'argument': conversion from 'float' to 'GLint', possible loss of data
C:\Users\13128\Documents\c++\vsstudio\glut\glut\Source.cpp(102,20): warning C4244: 'argument': conversion from 'float' to 'GLint', possible loss of data
C:\Users\13128\Documents\c++\vsstudio\glut\glut\Source.cpp(102,16): warning C4244: 'argument': conversion from 'float' to 'GLint', possible loss of data
C:\Users\13128\Documents\c++\vsstudio\glut\glut\Source.cpp(103,38): warning C4244: 'argument': conversion from 'float' to 'GLint', possible loss of data
C:\Users\13128\Documents\c++\vsstudio\glut\glut\Source.cpp(103,19): warning C4244: 'argument': conversion from 'float' to 'GLint', possible loss of data
C:\Users\13128\Documents\c++\vsstudio\glut\glut\Source.cpp(189,14): warning C4244: '=': conversion from 'int' to 'float', possible loss of data
C:\Users\13128\Documents\c++\vsstudio\glut\glut\Source.cpp(213,14): warning C4244: '=': conversion from 'int' to 'float', possible loss of data
C:\Users\13128\Documents\c++\vsstudio\glut\glut\Source.cpp(254,14): warning C4244: '=': conversion from 'int' to 'float', possible loss of data
C:\Users\13128\Documents\c++\vsstudio\glut\glut\Source.cpp(278,14): warning C4244: '=': conversion from 'int' to 'float', possible loss of data
C:\Users\13128\Documents\c++\vsstudio\glut\glut\Source.cpp(315,23): warning C4305: 'argument': truncation from 'double' to 'GLfloat'
C:\Users\13128\Documents\c++\vsstudio\glut\glut\Source.cpp(321,23): warning C4305: 'argument': truncation from 'double' to 'GLfloat'
C:\Users\13128\Documents\c++\vsstudio\glut\glut\Source.cpp(325,18): warning C4244: 'argument': conversion from 'float' to 'GLint', possible loss of data
C:\Users\13128\Documents\c++\vsstudio\glut\glut\Source.cpp(325,14): warning C4244: 'argument': conversion from 'float' to 'GLint', possible loss of data
C:\Users\13128\Documents\c++\vsstudio\glut\glut\Source.cpp(326,20): warning C4244: 'argument': conversion from 'float' to 'GLint', possible loss of data
C:\Users\13128\Documents\c++\vsstudio\glut\glut\Source.cpp(326,14): warning C4244: 'argument': conversion from 'float' to 'GLint', possible loss of data
C:\Users\13128\Documents\c++\vsstudio\glut\glut\Source.cpp(347,30): warning C4244: 'argument': conversion from 'float' to 'GLint', possible loss of data
C:\Users\13128\Documents\c++\vsstudio\glut\glut\Source.cpp(348,41): warning C4244: 'argument': conversion from 'float' to 'GLint', possible loss of data
C:\Users\13128\Documents\c++\vsstudio\glut\glut\Source.cpp(168,58): warning C4101: 'vertDist': unreferenced local variable
C:\Users\13128\Documents\c++\vsstudio\glut\glut\Source.cpp(168,48): warning C4101: 'horiDist': unreferenced local variable
  glut.vcxproj -> C:\Users\13128\Documents\c++\vsstudio\glut\Debug\glut.exe
